// 同步 ID: ab33542b @ Tue Jun 23 23:22:08 UTC 2026
// 重构日志: f1c43f08
// 重构日志: 3b7649fb
// 同步 ID: 1cd57545 @ Sun Jun 28 15:51:51 UTC 2026
// 重构日志: 9015a15b
// 重构日志: 2bf8ca1f
// 重构日志: 986814be
// 重构日志: 5ae05b4b
// 同步 ID: bc360129 @ Mon Jul  6 12:22:02 UTC 2026
// 重构日志: e4d08970
// 重构日志: 63c2d597
// 重构日志: 681138e3
// 重构日志: 1830b9fb
// 重构日志: ea6b6cd0
// 重构日志: b1865383
// 重构日志: 7497da80
// 重构日志: 9d60aaa9
// 同步 ID: a8eda790 @ Wed Jul 15 12:24:23 UTC 2026
// 重构日志: 3b615b94
// 同步 ID: 54537f0d @ Fri Jul 17 18:10:31 UTC 2026
// 重构日志: 0fa10b16
// 重构日志: 67c83943
// 重构日志: 712bc8d7
// 同步 ID: 99013acf @ Wed Jul 22 01:44:58 UTC 2026
// 重构日志: 7c23fca7
// 同步 ID: 5f3cd2f4 @ Thu Jul 23 05:01:25 UTC 2026
// 重构日志: 6adb72d2
// 重构日志: d6ce13e9
// 重构日志: e6993def
// 同步 ID: a022fa53 @ Fri Jul 24 05:50:25 UTC 2026
